<?xml version="1.0" encoding="UTF-8"?>
<coverage generated="1629654645602" clover="3.2.0">
  <project timestamp="1629654645602" name="All files">
    <metrics statements="62" coveredstatements="58" conditionals="14" coveredconditionals="10" methods="10" coveredmethods="10" elements="86" coveredelements="78" complexity="0" loc="62" ncloc="62" packages="3" files="3" classes="3"/>
    <package name="linked-list">
      <metrics statements="3" coveredstatements="3" conditionals="0" coveredconditionals="0" methods="1" coveredmethods="1"/>
      <file name="node.js" path="/home/mayyadah/ASAC/amman401/data-structures-and-algorithms1/javascript/401-Code-Challenge/linked-list/node.js">
        <metrics statements="3" coveredstatements="3" conditionals="0" coveredconditionals="0" methods="1" coveredmethods="1"/>
        <line num="5" count="26" type="stmt"/>
        <line num="6" count="26" type="stmt"/>
        <line num="10" count="1" type="stmt"/>
      </file>
    </package>
    <package name="stack-and-queue">
      <metrics statements="33" coveredstatements="30" conditionals="8" coveredconditionals="5" methods="5" coveredmethods="5"/>
      <file name="stack.js" path="/home/mayyadah/ASAC/amman401/data-structures-and-algorithms1/javascript/401-Code-Challenge/stack-and-queue/stack.js">
        <metrics statements="33" coveredstatements="30" conditionals="8" coveredconditionals="5" methods="5" coveredmethods="5"/>
        <line num="2" count="1" type="stmt"/>
        <line num="6" count="7" type="stmt"/>
        <line num="10" count="26" type="stmt"/>
        <line num="11" count="26" type="cond" truecount="2" falsecount="0"/>
        <line num="12" count="13" type="stmt"/>
        <line num="14" count="26" type="stmt"/>
        <line num="15" count="26" type="stmt"/>
        <line num="19" count="18" type="cond" truecount="1" falsecount="1"/>
        <line num="20" count="0" type="stmt"/>
        <line num="22" count="18" type="stmt"/>
        <line num="23" count="18" type="stmt"/>
        <line num="24" count="18" type="stmt"/>
        <line num="25" count="18" type="stmt"/>
        <line num="30" count="3" type="cond" truecount="1" falsecount="1"/>
        <line num="31" count="0" type="stmt"/>
        <line num="33" count="3" type="stmt"/>
        <line num="38" count="2" type="cond" truecount="1" falsecount="1"/>
        <line num="39" count="0" type="stmt"/>
        <line num="41" count="2" type="stmt"/>
        <line num="46" count="1" type="stmt"/>
        <line num="48" count="1" type="stmt"/>
        <line num="49" count="1" type="stmt"/>
        <line num="50" count="1" type="stmt"/>
        <line num="51" count="1" type="stmt"/>
        <line num="52" count="1" type="stmt"/>
        <line num="54" count="1" type="stmt"/>
        <line num="55" count="1" type="stmt"/>
        <line num="56" count="1" type="stmt"/>
        <line num="57" count="1" type="stmt"/>
        <line num="58" count="1" type="stmt"/>
        <line num="59" count="1" type="stmt"/>
        <line num="60" count="1" type="stmt"/>
        <line num="62" count="1" type="stmt"/>
      </file>
    </package>
    <package name="stack-queue-pseudo">
      <metrics statements="26" coveredstatements="25" conditionals="6" coveredconditionals="5" methods="4" coveredmethods="4"/>
      <file name="stack-queue-pseudo.js" path="/home/mayyadah/ASAC/amman401/data-structures-and-algorithms1/javascript/401-Code-Challenge/stack-queue-pseudo/stack-queue-pseudo.js">
        <metrics statements="26" coveredstatements="25" conditionals="6" coveredconditionals="5" methods="4" coveredmethods="4"/>
        <line num="4" count="1" type="stmt"/>
        <line num="9" count="3" type="stmt"/>
        <line num="10" count="3" type="stmt"/>
        <line num="15" count="9" type="cond" truecount="2" falsecount="0"/>
        <line num="16" count="3" type="stmt"/>
        <line num="18" count="6" type="stmt"/>
        <line num="21" count="9" type="stmt"/>
        <line num="24" count="9" type="cond" truecount="2" falsecount="0"/>
        <line num="25" count="3" type="stmt"/>
        <line num="27" count="6" type="stmt"/>
        <line num="33" count="2" type="stmt"/>
        <line num="37" count="4" type="cond" truecount="1" falsecount="1"/>
        <line num="38" count="0" type="stmt"/>
        <line num="40" count="4" type="stmt"/>
        <line num="44" count="1" type="stmt"/>
        <line num="46" count="1" type="stmt"/>
        <line num="47" count="1" type="stmt"/>
        <line num="49" count="1" type="stmt"/>
        <line num="50" count="1" type="stmt"/>
        <line num="52" count="1" type="stmt"/>
        <line num="53" count="1" type="stmt"/>
        <line num="54" count="1" type="stmt"/>
        <line num="56" count="1" type="stmt"/>
        <line num="57" count="1" type="stmt"/>
        <line num="58" count="1" type="stmt"/>
        <line num="60" count="1" type="stmt"/>
      </file>
    </package>
  </project>
</coverage>
