{"/home/mayyadah/ASAC/amman401/data-structures-and-algorithms1/javascript/401-Code-Challenge/tree-max/tree-max.js": {"path":"/home/mayyadah/ASAC/amman401/data-structures-and-algorithms1/javascript/401-Code-Challenge/tree-max/tree-max.js","statementMap":{"0":{"start":{"line":3,"column":13},"end":{"line":3,"column":37}},"1":{"start":{"line":7,"column":8},"end":{"line":7,"column":25}},"2":{"start":{"line":12,"column":21},"end":{"line":12,"column":23}},"3":{"start":{"line":13,"column":23},"end":{"line":17,"column":9}},"4":{"start":{"line":14,"column":12},"end":{"line":14,"column":36}},"5":{"start":{"line":15,"column":12},"end":{"line":15,"column":47}},"6":{"start":{"line":15,"column":27},"end":{"line":15,"column":47}},"7":{"start":{"line":16,"column":12},"end":{"line":16,"column":49}},"8":{"start":{"line":16,"column":28},"end":{"line":16,"column":49}},"9":{"start":{"line":18,"column":8},"end":{"line":18,"column":28}},"10":{"start":{"line":19,"column":8},"end":{"line":19,"column":22}},"11":{"start":{"line":24,"column":21},"end":{"line":24,"column":23}},"12":{"start":{"line":25,"column":23},"end":{"line":29,"column":9}},"13":{"start":{"line":26,"column":12},"end":{"line":26,"column":47}},"14":{"start":{"line":26,"column":27},"end":{"line":26,"column":47}},"15":{"start":{"line":27,"column":12},"end":{"line":27,"column":36}},"16":{"start":{"line":28,"column":12},"end":{"line":28,"column":49}},"17":{"start":{"line":28,"column":28},"end":{"line":28,"column":49}},"18":{"start":{"line":30,"column":8},"end":{"line":30,"column":28}},"19":{"start":{"line":31,"column":8},"end":{"line":31,"column":22}},"20":{"start":{"line":36,"column":21},"end":{"line":36,"column":23}},"21":{"start":{"line":37,"column":23},"end":{"line":41,"column":9}},"22":{"start":{"line":38,"column":12},"end":{"line":38,"column":47}},"23":{"start":{"line":38,"column":27},"end":{"line":38,"column":47}},"24":{"start":{"line":39,"column":12},"end":{"line":39,"column":49}},"25":{"start":{"line":39,"column":28},"end":{"line":39,"column":49}},"26":{"start":{"line":40,"column":12},"end":{"line":40,"column":36}},"27":{"start":{"line":42,"column":8},"end":{"line":42,"column":28}},"28":{"start":{"line":43,"column":8},"end":{"line":43,"column":22}},"29":{"start":{"line":48,"column":21},"end":{"line":48,"column":36}},"30":{"start":{"line":49,"column":21},"end":{"line":49,"column":22}},"31":{"start":{"line":50,"column":8},"end":{"line":52,"column":9}},"32":{"start":{"line":51,"column":12},"end":{"line":51,"column":45}},"33":{"start":{"line":53,"column":8},"end":{"line":57,"column":9}},"34":{"start":{"line":53,"column":21},"end":{"line":53,"column":22}},"35":{"start":{"line":54,"column":12},"end":{"line":56,"column":13}},"36":{"start":{"line":55,"column":16},"end":{"line":55,"column":35}},"37":{"start":{"line":58,"column":8},"end":{"line":58,"column":22}},"38":{"start":{"line":66,"column":10},"end":{"line":66,"column":21}},"39":{"start":{"line":67,"column":10},"end":{"line":67,"column":21}},"40":{"start":{"line":68,"column":12},"end":{"line":68,"column":23}},"41":{"start":{"line":69,"column":11},"end":{"line":69,"column":22}},"42":{"start":{"line":70,"column":11},"end":{"line":70,"column":22}},"43":{"start":{"line":71,"column":10},"end":{"line":71,"column":21}},"44":{"start":{"line":72,"column":12},"end":{"line":72,"column":23}},"45":{"start":{"line":73,"column":12},"end":{"line":73,"column":23}},"46":{"start":{"line":74,"column":11},"end":{"line":74,"column":22}},"47":{"start":{"line":76,"column":0},"end":{"line":76,"column":15}},"48":{"start":{"line":77,"column":0},"end":{"line":77,"column":18}},"49":{"start":{"line":78,"column":0},"end":{"line":78,"column":15}},"50":{"start":{"line":79,"column":0},"end":{"line":79,"column":18}},"51":{"start":{"line":80,"column":0},"end":{"line":80,"column":19}},"52":{"start":{"line":81,"column":0},"end":{"line":81,"column":19}},"53":{"start":{"line":82,"column":0},"end":{"line":82,"column":18}},"54":{"start":{"line":83,"column":0},"end":{"line":83,"column":19}},"55":{"start":{"line":85,"column":11},"end":{"line":85,"column":30}},"56":{"start":{"line":86,"column":0},"end":{"line":86,"column":24}},"57":{"start":{"line":87,"column":0},"end":{"line":87,"column":29}},"58":{"start":{"line":88,"column":0},"end":{"line":88,"column":51}},"59":{"start":{"line":92,"column":0},"end":{"line":92,"column":28}}},"fnMap":{"0":{"name":"(anonymous_0)","decl":{"start":{"line":6,"column":4},"end":{"line":6,"column":5}},"loc":{"start":{"line":6,"column":27},"end":{"line":8,"column":5}},"line":6},"1":{"name":"(anonymous_1)","decl":{"start":{"line":11,"column":4},"end":{"line":11,"column":5}},"loc":{"start":{"line":11,"column":15},"end":{"line":20,"column":5}},"line":11},"2":{"name":"(anonymous_2)","decl":{"start":{"line":13,"column":23},"end":{"line":13,"column":24}},"loc":{"start":{"line":13,"column":33},"end":{"line":17,"column":9}},"line":13},"3":{"name":"(anonymous_3)","decl":{"start":{"line":23,"column":4},"end":{"line":23,"column":5}},"loc":{"start":{"line":23,"column":14},"end":{"line":32,"column":5}},"line":23},"4":{"name":"(anonymous_4)","decl":{"start":{"line":25,"column":23},"end":{"line":25,"column":24}},"loc":{"start":{"line":25,"column":33},"end":{"line":29,"column":9}},"line":25},"5":{"name":"(anonymous_5)","decl":{"start":{"line":35,"column":4},"end":{"line":35,"column":5}},"loc":{"start":{"line":35,"column":16},"end":{"line":44,"column":5}},"line":35},"6":{"name":"(anonymous_6)","decl":{"start":{"line":37,"column":23},"end":{"line":37,"column":24}},"loc":{"start":{"line":37,"column":33},"end":{"line":41,"column":9}},"line":37},"7":{"name":"(anonymous_7)","decl":{"start":{"line":47,"column":4},"end":{"line":47,"column":5}},"loc":{"start":{"line":47,"column":23},"end":{"line":60,"column":5}},"line":47}},"branchMap":{"0":{"loc":{"start":{"line":6,"column":16},"end":{"line":6,"column":25}},"type":"default-arg","locations":[{"start":{"line":6,"column":21},"end":{"line":6,"column":25}}],"line":6},"1":{"loc":{"start":{"line":15,"column":12},"end":{"line":15,"column":47}},"type":"if","locations":[{"start":{"line":15,"column":12},"end":{"line":15,"column":47}},{"start":{"line":15,"column":12},"end":{"line":15,"column":47}}],"line":15},"2":{"loc":{"start":{"line":16,"column":12},"end":{"line":16,"column":49}},"type":"if","locations":[{"start":{"line":16,"column":12},"end":{"line":16,"column":49}},{"start":{"line":16,"column":12},"end":{"line":16,"column":49}}],"line":16},"3":{"loc":{"start":{"line":26,"column":12},"end":{"line":26,"column":47}},"type":"if","locations":[{"start":{"line":26,"column":12},"end":{"line":26,"column":47}},{"start":{"line":26,"column":12},"end":{"line":26,"column":47}}],"line":26},"4":{"loc":{"start":{"line":28,"column":12},"end":{"line":28,"column":49}},"type":"if","locations":[{"start":{"line":28,"column":12},"end":{"line":28,"column":49}},{"start":{"line":28,"column":12},"end":{"line":28,"column":49}}],"line":28},"5":{"loc":{"start":{"line":38,"column":12},"end":{"line":38,"column":47}},"type":"if","locations":[{"start":{"line":38,"column":12},"end":{"line":38,"column":47}},{"start":{"line":38,"column":12},"end":{"line":38,"column":47}}],"line":38},"6":{"loc":{"start":{"line":39,"column":12},"end":{"line":39,"column":49}},"type":"if","locations":[{"start":{"line":39,"column":12},"end":{"line":39,"column":49}},{"start":{"line":39,"column":12},"end":{"line":39,"column":49}}],"line":39},"7":{"loc":{"start":{"line":50,"column":8},"end":{"line":52,"column":9}},"type":"if","locations":[{"start":{"line":50,"column":8},"end":{"line":52,"column":9}},{"start":{"line":50,"column":8},"end":{"line":52,"column":9}}],"line":50},"8":{"loc":{"start":{"line":54,"column":12},"end":{"line":56,"column":13}},"type":"if","locations":[{"start":{"line":54,"column":12},"end":{"line":56,"column":13}},{"start":{"line":54,"column":12},"end":{"line":56,"column":13}}],"line":54}},"s":{"0":1,"1":3,"2":3,"3":3,"4":27,"5":27,"6":12,"7":27,"8":12,"9":3,"10":3,"11":0,"12":0,"13":0,"14":0,"15":0,"16":0,"17":0,"18":0,"19":0,"20":0,"21":0,"22":0,"23":0,"24":0,"25":0,"26":0,"27":0,"28":0,"29":3,"30":3,"31":3,"32":0,"33":3,"34":3,"35":27,"36":18,"37":3,"38":1,"39":1,"40":1,"41":1,"42":1,"43":1,"44":1,"45":1,"46":1,"47":1,"48":1,"49":1,"50":1,"51":1,"52":1,"53":1,"54":1,"55":1,"56":1,"57":1,"58":1,"59":1},"f":{"0":3,"1":3,"2":27,"3":0,"4":0,"5":0,"6":0,"7":3},"b":{"0":[1],"1":[12,15],"2":[12,15],"3":[0,0],"4":[0,0],"5":[0,0],"6":[0,0],"7":[0,3],"8":[18,9]},"_coverageSchema":"1a1c01bbd47fc00a2c39e90264f33305004495a9","hash":"e963bae9af429d6e813dd4ac49d55beba4e0a5d2"}
,"/home/mayyadah/ASAC/amman401/data-structures-and-algorithms1/javascript/401-Code-Challenge/trees/node.js": {"path":"/home/mayyadah/ASAC/amman401/data-structures-and-algorithms1/javascript/401-Code-Challenge/trees/node.js","statementMap":{"0":{"start":{"line":5,"column":8},"end":{"line":5,"column":27}},"1":{"start":{"line":6,"column":8},"end":{"line":6,"column":24}},"2":{"start":{"line":7,"column":8},"end":{"line":7,"column":27}},"3":{"start":{"line":11,"column":0},"end":{"line":11,"column":22}}},"fnMap":{"0":{"name":"(anonymous_0)","decl":{"start":{"line":4,"column":4},"end":{"line":4,"column":5}},"loc":{"start":{"line":4,"column":48},"end":{"line":8,"column":5}},"line":4}},"branchMap":{"0":{"loc":{"start":{"line":4,"column":23},"end":{"line":4,"column":34}},"type":"default-arg","locations":[{"start":{"line":4,"column":30},"end":{"line":4,"column":34}}],"line":4},"1":{"loc":{"start":{"line":4,"column":36},"end":{"line":4,"column":46}},"type":"default-arg","locations":[{"start":{"line":4,"column":42},"end":{"line":4,"column":46}}],"line":4}},"s":{"0":18,"1":18,"2":18,"3":1},"f":{"0":18},"b":{"0":[18],"1":[18]},"_coverageSchema":"1a1c01bbd47fc00a2c39e90264f33305004495a9","hash":"c959c4b01fe48856759012fa7d70bd520c4c9d6d"}
}
