{"/home/mayyadah/ASAC/amman401/data-structures-and-algorithms1/javascript/401-Code-Challenge/linked-list/linked-list.js": {"path":"/home/mayyadah/ASAC/amman401/data-structures-and-algorithms1/javascript/401-Code-Challenge/linked-list/linked-list.js","statementMap":{"0":{"start":{"line":3,"column":13},"end":{"line":3,"column":30}},"1":{"start":{"line":7,"column":8},"end":{"line":7,"column":25}},"2":{"start":{"line":12,"column":22},"end":{"line":12,"column":37}},"3":{"start":{"line":14,"column":8},"end":{"line":23,"column":9}},"4":{"start":{"line":15,"column":12},"end":{"line":15,"column":32}},"5":{"start":{"line":17,"column":30},"end":{"line":17,"column":39}},"6":{"start":{"line":18,"column":12},"end":{"line":20,"column":13}},"7":{"start":{"line":19,"column":16},"end":{"line":19,"column":47}},"8":{"start":{"line":22,"column":12},"end":{"line":22,"column":39}},"9":{"start":{"line":29,"column":22},"end":{"line":29,"column":37}},"10":{"start":{"line":31,"column":4},"end":{"line":36,"column":5}},"11":{"start":{"line":32,"column":8},"end":{"line":32,"column":28}},"12":{"start":{"line":34,"column":8},"end":{"line":34,"column":33}},"13":{"start":{"line":35,"column":8},"end":{"line":35,"column":28}},"14":{"start":{"line":43,"column":14},"end":{"line":43,"column":19}},"15":{"start":{"line":44,"column":12},"end":{"line":44,"column":21}},"16":{"start":{"line":45,"column":0},"end":{"line":53,"column":1}},"17":{"start":{"line":46,"column":4},"end":{"line":50,"column":5}},"18":{"start":{"line":47,"column":7},"end":{"line":47,"column":21}},"19":{"start":{"line":48,"column":7},"end":{"line":48,"column":50}},"20":{"start":{"line":49,"column":7},"end":{"line":49,"column":22}},"21":{"start":{"line":51,"column":4},"end":{"line":51,"column":21}},"22":{"start":{"line":61,"column":19},"end":{"line":61,"column":28}},"23":{"start":{"line":62,"column":19},"end":{"line":62,"column":21}},"24":{"start":{"line":63,"column":8},"end":{"line":66,"column":9}},"25":{"start":{"line":64,"column":12},"end":{"line":64,"column":48}},"26":{"start":{"line":65,"column":12},"end":{"line":65,"column":29}},"27":{"start":{"line":68,"column":8},"end":{"line":68,"column":38}},"28":{"start":{"line":75,"column":14},"end":{"line":75,"column":30}},"29":{"start":{"line":76,"column":0},"end":{"line":76,"column":19}},"30":{"start":{"line":77,"column":0},"end":{"line":77,"column":18}},"31":{"start":{"line":78,"column":0},"end":{"line":78,"column":19}},"32":{"start":{"line":79,"column":0},"end":{"line":79,"column":19}},"33":{"start":{"line":80,"column":0},"end":{"line":80,"column":32}},"34":{"start":{"line":81,"column":0},"end":{"line":81,"column":21}},"35":{"start":{"line":85,"column":0},"end":{"line":85,"column":28}}},"fnMap":{"0":{"name":"(anonymous_0)","decl":{"start":{"line":6,"column":4},"end":{"line":6,"column":5}},"loc":{"start":{"line":6,"column":18},"end":{"line":8,"column":5}},"line":6},"1":{"name":"(anonymous_1)","decl":{"start":{"line":10,"column":4},"end":{"line":10,"column":5}},"loc":{"start":{"line":10,"column":18},"end":{"line":24,"column":5}},"line":10},"2":{"name":"(anonymous_2)","decl":{"start":{"line":28,"column":4},"end":{"line":28,"column":5}},"loc":{"start":{"line":28,"column":19},"end":{"line":37,"column":5}},"line":28},"3":{"name":"(anonymous_3)","decl":{"start":{"line":42,"column":0},"end":{"line":42,"column":1}},"loc":{"start":{"line":42,"column":14},"end":{"line":54,"column":1}},"line":42},"4":{"name":"(anonymous_4)","decl":{"start":{"line":58,"column":4},"end":{"line":58,"column":5}},"loc":{"start":{"line":58,"column":15},"end":{"line":70,"column":5}},"line":58}},"branchMap":{"0":{"loc":{"start":{"line":14,"column":8},"end":{"line":23,"column":9}},"type":"if","locations":[{"start":{"line":14,"column":8},"end":{"line":23,"column":9}},{"start":{"line":14,"column":8},"end":{"line":23,"column":9}}],"line":14},"1":{"loc":{"start":{"line":31,"column":4},"end":{"line":36,"column":5}},"type":"if","locations":[{"start":{"line":31,"column":4},"end":{"line":36,"column":5}},{"start":{"line":31,"column":4},"end":{"line":36,"column":5}}],"line":31},"2":{"loc":{"start":{"line":46,"column":4},"end":{"line":50,"column":5}},"type":"if","locations":[{"start":{"line":46,"column":4},"end":{"line":50,"column":5}},{"start":{"line":46,"column":4},"end":{"line":50,"column":5}}],"line":46}},"s":{"0":1,"1":7,"2":33,"3":33,"4":6,"5":27,"6":27,"7":56,"8":27,"9":1,"10":1,"11":1,"12":0,"13":0,"14":1,"15":1,"16":1,"17":2,"18":1,"19":1,"20":1,"21":1,"22":4,"23":4,"24":4,"25":20,"26":20,"27":4,"28":1,"29":1,"30":1,"31":1,"32":1,"33":1,"34":1,"35":1},"f":{"0":7,"1":33,"2":1,"3":1,"4":4},"b":{"0":[6,27],"1":[1,0],"2":[1,1]},"_coverageSchema":"1a1c01bbd47fc00a2c39e90264f33305004495a9","hash":"04141005294ed0a3f53561adac0c28d1715b29b5"}
,"/home/mayyadah/ASAC/amman401/data-structures-and-algorithms1/javascript/401-Code-Challenge/linked-list/node.js": {"path":"/home/mayyadah/ASAC/amman401/data-structures-and-algorithms1/javascript/401-Code-Challenge/linked-list/node.js","statementMap":{"0":{"start":{"line":5,"column":8},"end":{"line":5,"column":27}},"1":{"start":{"line":6,"column":8},"end":{"line":6,"column":25}},"2":{"start":{"line":10,"column":0},"end":{"line":10,"column":22}}},"fnMap":{"0":{"name":"(anonymous_0)","decl":{"start":{"line":4,"column":4},"end":{"line":4,"column":5}},"loc":{"start":{"line":4,"column":23},"end":{"line":7,"column":5}},"line":4}},"branchMap":{},"s":{"0":34,"1":34,"2":1},"f":{"0":34},"b":{},"_coverageSchema":"1a1c01bbd47fc00a2c39e90264f33305004495a9","hash":"242ff84f3967d7904952fefd506abb81f0dd5bfa"}
,"/home/mayyadah/ASAC/amman401/data-structures-and-algorithms1/javascript/401-Code-Challenge/linked-list-zip/linked-list-zip.js": {"path":"/home/mayyadah/ASAC/amman401/data-structures-and-algorithms1/javascript/401-Code-Challenge/linked-list-zip/linked-list-zip.js","statementMap":{"0":{"start":{"line":3,"column":19},"end":{"line":3,"column":56}},"1":{"start":{"line":5,"column":22},"end":{"line":29,"column":1}},"2":{"start":{"line":6,"column":12},"end":{"line":6,"column":28}},"3":{"start":{"line":8,"column":0},"end":{"line":8,"column":31}},"4":{"start":{"line":9,"column":0},"end":{"line":9,"column":31}},"5":{"start":{"line":11,"column":15},"end":{"line":11,"column":25}},"6":{"start":{"line":12,"column":15},"end":{"line":12,"column":25}},"7":{"start":{"line":14,"column":0},"end":{"line":26,"column":1}},"8":{"start":{"line":15,"column":0},"end":{"line":18,"column":1}},"9":{"start":{"line":16,"column":0},"end":{"line":16,"column":34}},"10":{"start":{"line":17,"column":0},"end":{"line":17,"column":25}},"11":{"start":{"line":22,"column":0},"end":{"line":25,"column":1}},"12":{"start":{"line":23,"column":0},"end":{"line":23,"column":34}},"13":{"start":{"line":24,"column":0},"end":{"line":24,"column":25}},"14":{"start":{"line":28,"column":0},"end":{"line":28,"column":13}},"15":{"start":{"line":32,"column":12},"end":{"line":32,"column":28}},"16":{"start":{"line":33,"column":0},"end":{"line":33,"column":16}},"17":{"start":{"line":34,"column":0},"end":{"line":34,"column":16}},"18":{"start":{"line":35,"column":0},"end":{"line":35,"column":16}},"19":{"start":{"line":36,"column":0},"end":{"line":36,"column":16}},"20":{"start":{"line":37,"column":0},"end":{"line":37,"column":16}},"21":{"start":{"line":39,"column":12},"end":{"line":39,"column":28}},"22":{"start":{"line":40,"column":0},"end":{"line":40,"column":16}},"23":{"start":{"line":41,"column":0},"end":{"line":41,"column":16}},"24":{"start":{"line":42,"column":0},"end":{"line":42,"column":16}},"25":{"start":{"line":44,"column":0},"end":{"line":44,"column":62}},"26":{"start":{"line":46,"column":0},"end":{"line":46,"column":29}}},"fnMap":{"0":{"name":"(anonymous_0)","decl":{"start":{"line":5,"column":22},"end":{"line":5,"column":23}},"loc":{"start":{"line":5,"column":39},"end":{"line":29,"column":1}},"line":5}},"branchMap":{"0":{"loc":{"start":{"line":14,"column":7},"end":{"line":14,"column":36}},"type":"binary-expr","locations":[{"start":{"line":14,"column":7},"end":{"line":14,"column":20}},{"start":{"line":14,"column":23},"end":{"line":14,"column":36}}],"line":14},"1":{"loc":{"start":{"line":15,"column":0},"end":{"line":18,"column":1}},"type":"if","locations":[{"start":{"line":15,"column":0},"end":{"line":18,"column":1}},{"start":{"line":15,"column":0},"end":{"line":18,"column":1}}],"line":15},"2":{"loc":{"start":{"line":22,"column":0},"end":{"line":25,"column":1}},"type":"if","locations":[{"start":{"line":22,"column":0},"end":{"line":25,"column":1}},{"start":{"line":22,"column":0},"end":{"line":25,"column":1}}],"line":22}},"s":{"0":1,"1":1,"2":2,"3":2,"4":2,"5":2,"6":2,"7":2,"8":8,"9":8,"10":8,"11":8,"12":4,"13":4,"14":2,"15":1,"16":1,"17":1,"18":1,"19":1,"20":1,"21":1,"22":1,"23":1,"24":1,"25":1,"26":1},"f":{"0":2},"b":{"0":[10,2],"1":[8,0],"2":[4,4]},"_coverageSchema":"1a1c01bbd47fc00a2c39e90264f33305004495a9","hash":"459a779dc97167b022a53ce796caaa730323fb28"}
}
