TN:
SF:javascript/401-Code-Challenge/hashTable/hashTable.js
FN:4,(anonymous_0)
FN:11,(anonymous_1)
FN:14,(anonymous_2)
FN:29,(anonymous_3)
FN:34,(anonymous_4)
FN:36,(anonymous_5)
FN:43,(anonymous_6)
FN:57,(anonymous_7)
FN:74,(anonymous_8)
FNF:9
FNH:9
FNDA:7,(anonymous_0)
FNDA:5,(anonymous_1)
FNDA:7,(anonymous_2)
FNDA:2,(anonymous_3)
FNDA:15,(anonymous_4)
FNDA:52,(anonymous_5)
FNDA:7,(anonymous_6)
FNDA:5,(anonymous_7)
FNDA:2,(anonymous_8)
DA:5,7
DA:6,7
DA:12,5
DA:15,7
DA:16,7
DA:17,5
DA:18,5
DA:20,2
DA:21,2
DA:22,0
DA:24,2
DA:30,2
DA:31,2
DA:36,15
DA:37,52
DA:38,52
DA:47,7
DA:48,7
DA:49,7
DA:50,5
DA:52,7
DA:53,7
DA:58,5
DA:59,5
DA:61,5
DA:62,7
DA:63,5
DA:65,2
DA:66,0
DA:69,2
DA:76,2
DA:78,2
DA:79,2
DA:81,0
DA:86,1
DA:87,1
DA:88,1
DA:89,1
DA:90,1
DA:92,1
DA:93,1
DA:94,1
DA:97,1
DA:99,1
DA:100,1
DA:101,1
DA:102,1
DA:103,1
DA:105,1
LF:49
LH:46
BRDA:16,0,0,5
BRDA:16,0,1,2
BRDA:49,1,0,5
BRDA:49,1,1,2
BRDA:62,2,0,5
BRDA:62,2,1,2
BRDA:65,3,0,0
BRDA:65,3,1,2
BRDA:78,4,0,2
BRDA:78,4,1,0
BRF:10
BRH:8
end_of_record
