TN:
SF:javascript/401-Code-Challenge/tree-max/tree-max.js
FN:6,(anonymous_0)
FN:11,(anonymous_1)
FN:13,(anonymous_2)
FN:23,(anonymous_3)
FN:25,(anonymous_4)
FN:35,(anonymous_5)
FN:37,(anonymous_6)
FN:47,(anonymous_7)
FNF:8
FNH:4
FNDA:3,(anonymous_0)
FNDA:3,(anonymous_1)
FNDA:27,(anonymous_2)
FNDA:0,(anonymous_3)
FNDA:0,(anonymous_4)
FNDA:0,(anonymous_5)
FNDA:0,(anonymous_6)
FNDA:3,(anonymous_7)
DA:3,1
DA:7,3
DA:12,3
DA:13,3
DA:14,27
DA:15,27
DA:16,27
DA:18,3
DA:19,3
DA:24,0
DA:25,0
DA:26,0
DA:27,0
DA:28,0
DA:30,0
DA:31,0
DA:36,0
DA:37,0
DA:38,0
DA:39,0
DA:40,0
DA:42,0
DA:43,0
DA:48,3
DA:49,3
DA:50,3
DA:51,0
DA:53,3
DA:54,27
DA:55,18
DA:58,3
DA:66,1
DA:67,1
DA:68,1
DA:69,1
DA:70,1
DA:71,1
DA:72,1
DA:73,1
DA:74,1
DA:76,1
DA:77,1
DA:78,1
DA:79,1
DA:80,1
DA:81,1
DA:82,1
DA:83,1
DA:85,1
DA:86,1
DA:87,1
DA:88,1
DA:92,1
LF:53
LH:38
BRDA:6,0,0,1
BRDA:15,1,0,12
BRDA:15,1,1,15
BRDA:16,2,0,12
BRDA:16,2,1,15
BRDA:26,3,0,0
BRDA:26,3,1,0
BRDA:28,4,0,0
BRDA:28,4,1,0
BRDA:38,5,0,0
BRDA:38,5,1,0
BRDA:39,6,0,0
BRDA:39,6,1,0
BRDA:50,7,0,0
BRDA:50,7,1,3
BRDA:54,8,0,18
BRDA:54,8,1,9
BRF:17
BRH:8
end_of_record
TN:
SF:javascript/401-Code-Challenge/trees/node.js
FN:4,(anonymous_0)
FNF:1
FNH:1
FNDA:18,(anonymous_0)
DA:5,18
DA:6,18
DA:7,18
DA:11,1
LF:4
LH:4
BRDA:4,0,0,18
BRDA:4,1,0,18
BRF:2
BRH:2
end_of_record
